#
# A fatal error has been detected by the Java Runtime Environment:
#
#  EXCEPTION_ACCESS_VIOLATION (0xc0000005) at pc=0x00007fff31e9aece, pid=7284, tid=1636
#
# JRE version: OpenJDK Runtime Environment Microsoft-13877171 (21.0.11+10) (build 21.0.11+10-LTS)
# Java VM: OpenJDK 64-Bit Server VM Microsoft-13877171 (21.0.11+10-LTS, mixed mode, sharing, tiered, compressed oops, compressed class ptrs, g1 gc, windows-amd64)
# Problematic frame:
# V  [jvm.dll+0x36aece]
#
# No core dump will be written. Minidumps are not enabled by default on client versions of Windows
#
# If you would like to submit a bug report, please visit:
#   https://github.com/microsoft/openjdk/issues
#

---------------  S U M M A R Y ------------

Command Line: -ea -Didea.test.cyclic.buffer.size=1048576 -javaagent:C:\Program Files\JetBrains\IntelliJ IDEA 2023.3.8\lib\idea_rt.jar=51237:C:\Program Files\JetBrains\IntelliJ IDEA 2023.3.8\bin -Dfile.encoding=UTF-8 -Dsun.stdout.encoding=UTF-8 -Dsun.stderr.encoding=UTF-8 com.intellij.rt.junit.JUnitStarter -ideVersion5 -junit5 za.ac.cput.Controller.SkillControllerTest

Host: Intel(R) Core(TM) i5-6300U CPU @ 2.40GHz, 4 cores, 15G,  Windows 10 , 64 bit Build 19041 (10.0.19041.5915)
Time: Sun May 24 06:00:55 2026 South Africa Standard Time elapsed time: 10.913134 seconds (0d 0h 0m 10s)

---------------  T H R E A D  ---------------

Current thread (0x000002a4f5373ba0):  WorkerThread "GC Thread#1"    [id=1636, stack(0x000000d041f00000,0x000000d042000000) (1024K)]

Stack: [0x000000d041f00000,0x000000d042000000],  sp=0x000000d041fff570,  free space=1021k
Native frames: (J=compiled Java code, j=interpreted, Vv=VM code, C=native code)
V  [jvm.dll+0x36aece]  (no source info available)
V  [jvm.dll+0x36759e]  (no source info available)
V  [jvm.dll+0x377f6e]  (no source info available)
V  [jvm.dll+0x22c90d]  (no source info available)
V  [jvm.dll+0x36751b]  (no source info available)
V  [jvm.dll+0x22eb08]  (no source info available)
V  [jvm.dll+0x378dfb]  (no source info available)
V  [jvm.dll+0x378c2a]  (no source info available)
V  [jvm.dll+0x380784]  (no source info available)
V  [jvm.dll+0x3808fe]  (no source info available)
V  [jvm.dll+0x8ee551]  (no source info available)
V  [jvm.dll+0x86b2bd]  (no source info available)
V  [jvm.dll+0x6e19dd]  (no source info available)
C  [ucrtbase.dll+0x21bb2]  (no source info available)
C  [KERNEL32.DLL+0x17374]  (no source info available)
C  [ntdll.dll+0x4cc91]  (no source info available)


siginfo: EXCEPTION_ACCESS_VIOLATION (0xc0000005), reading address 0x0000000609a93ce8


Registers:
RAX=0x0000000000000000, RBX=0x0000000709c66e94, RCX=0x0000000000000015, RDX=0x0000000000000000
RSP=0x000000d041fff570, RBP=0x00000000000004a7, RSI=0x000002a4d1ae7810, RDI=0x000002a4f62eb450
R8 =0x0000000709c66ef8, R9 =0x0000000709a938b0, R10=0x0000000609a93ce8, R11=0x0000000000000001
R12=0x0000000000000000, R13=0x00000000000003d8, R14=0x000002a4f62eb458, R15=0x000000000000003a
RIP=0x00007fff31e9aece, EFLAGS=0x0000000000010246

XMM[0]=0x00000000000411e8 0x0000000000000009
XMM[1]=0xe1352786e15d83c5 0xe15d6ad900000001
XMM[2]=0xe15d7d62e15d7d75 0xe15d7d8be15d7d99
XMM[3]=0xe15d7cb3e15d7cbe 0xe15d7cd1e15d7ce4
XMM[4]=0xe15d8236e15d8247 0xe15d8258e15d8263
XMM[5]=0x0000000000000000 0x0000000000000000
XMM[6]=0x0000000000000000 0x0000000000000000
XMM[7]=0x0000000000000000 0x0000000000000000
XMM[8]=0x0000000000000000 0x0000000000000000
XMM[9]=0x0000000000000000 0x0000000000000000
XMM[10]=0x0000000000000000 0x0000000000000000
XMM[11]=0x0000000000000000 0x0000000000000000
XMM[12]=0x0000000000000000 0x0000000000000000
XMM[13]=0x0000000000000000 0x0000000000000000
XMM[14]=0x0000000000000000 0x0000000000000000
XMM[15]=0x0000000000000000 0x0000000000000000
  MXCSR=0x00001fa0


Register to memory mapping:

RAX=0x0 is null
RBX=0x0000000709c66e94 is pointing into object: java.lang.reflect.Method 
{0x0000000709c66e60} - klass: 'java/lang/reflect/Method'
 - ---- fields (total size 11 words):
 - 'override' 'Z' @12  false (0x00)
 - volatile 'accessCheckCache' 'Ljava/lang/Object;' @16  null (0x00000000)
 - private transient 'parameterData' 'Ljava/lang/reflect/Executable$ParameterData;' @20  null (0x00000000)
 - private volatile transient 'declaredAnnotations' 'Ljava/util/Map;' @24  null (0x00000000)
 - private 'callerSensitive' 'B' @13  0 (0x00)
 - private final 'slot' 'I' @28  9 (0x00000009)
 - private final 'modifiers' 'I' @32  1 (0x00000001)
 - private final 'clazz' 'Ljava/lang/Class;' @36  a 'java/lang/Class'{0x0000000709c5aae0} = 'org/apache/tomcat/util/net/NioEndpoint' (0xe138b55c)
 - private final 'name' 'Ljava/lang/String;' @40  "setUseInheritedChannel"{0x0000000709c66eb8} (0xe138cdd7)
 - private final 'returnType' 'Ljava/lang/Class;' @44  a 'java/lang/Class'{0x0000000709a93c30} = void (0xe1352786)
 - private final 'parameterTypes' '[Ljava/lang/Class;' @48  a 'java/lang/Class'[1] {0x0000000709c66ef8} (0xe138cddf)
 - private final 'exceptionTypes' '[Ljava/lang/Class;' @52  
[error occurred during error reporting (printing register info), id 0xc0000005, EXCEPTION_ACCESS_VIOLATION (0xc0000005) at pc=0x00007fff321fdd7d]
RCX=0x0000000000000015 is an unknown value
RDX=0x0 is null
RSP=0x000000d041fff570 points into unknown readable memory: 0x000000070aeb0000 | 00 00 eb 0a 07 00 00 00
RBP=0x00000000000004a7 is an unknown value
RSI=0x000002a4d1ae7810 points into unknown readable memory: 0x0000000000000000 | 00 00 00 00 00 00 00 00
RDI=0x000002a4f62eb450 points into unknown readable memory: 0x00007fff32575e98 | 98 5e 57 32 ff 7f 00 00
R8 =0x0000000709c66ef8 is an oop: [Ljava.lang.Class; 
{0x0000000709c66ef8} - klass: 'java/lang/Class'[]
 - length: 1
R9 =0x0000000709a938b0 is an oop: java.lang.Class 
{0x0000000709a938b0} - klass: 'java/lang/Class'
 - ---- fields (total size 14 words):
 - private volatile transient 'classRedefinedCount' 'I' @12  0 (0x00000000)
 - injected 'klass' 'J' @16  0 (0x0000000000000000)
 - injected 'array_klass' 'J' @24  2905545382712 (0x000002a480001b38)
 - injected 'oop_size' 'I' @32  14 (0x0000000e)
 - injected 'static_oop_field_count' 'I' @36  0 (0x00000000)
 - private volatile transient 'cachedConstructor' 'Ljava/lang/reflect/Constructor;' @40  null (0x00000000)
 - private transient 'name' 'Ljava/lang/String;' @44  "boolean"{0x0000000709a84e58} (0xe13509cb)
 - private transient 'module' 'Ljava/lang/Module;' @48  a 'java/lang/Module'{0x0000000709a74a08} (0xe134e941)
 - private final 'classLoader' 'Ljava/lang/ClassLoader;' @52  null (0x00000000)
 - private transient 'classData' 'Ljava/lang/Object;' @56  null (0x00000000)
 - private transient 'packageName' 'Ljava/lang/String;' @60  null (0x00000000)
 - private final 'componentType' 'Ljava/lang/Class;' @64  null (0x00000000)
 - private volatile transient 'reflectionData' 'Ljava/lang/ref/SoftReference;' @68  a 'java/lang/ref/SoftReference'{0x0000000709f16888} (0xe13e2d11)
 - private volatile transient 'genericInfo' 'Lsun/reflect/generics/repository/ClassRepository;' @72  a 'sun/reflect/generics/repository/ClassRepository'{0x0000000709ebb3a8} (0xe13d7675)
 - private volatile transient 'enumConstants' '[Ljava/lang/Object;' @76  null (0x00000000)
 - private volatile transient 'enumConstantDirectory' 'Ljava/util/Map;' @80  null (0x00000000)
 - private volatile transient 'annotationData' 'Ljava/lang/Class$AnnotationData;' @84  a 'java/lang/Class$AnnotationData'{0x000000070a8c6f60} (0xe1518dec)
 - private volatile transient 'annotationType' 'Lsun/reflect/annotation/AnnotationType;' @88  null (0x00000000)
 - transient 'classValueMap' 'Ljava/lang/ClassValue$ClassValueMap;' @92  null (0x00000000)
 - injected 'protection_domain' 'Ljava/lang/Object;' @96  null (0x00000000)
 - injected 'signers_name' 'Ljava/lang/Object;' @100  null (0x00000000)
 - injected 'source_file' 'Ljava/lang/Object;' @104  null (0x00000000)
 - injected '<init_lock>' 'Ljava/lang/Object;' @108  null (0x00000000)
 - signature: Z
R10=0x0000000609a93ce8 is an unknown value
R11=0x0000000000000001 is an unknown value
R12=0x0 is null
R13=0x00000000000003d8 is an unknown value
R14=0x000002a4f62eb458 points into unknown readable memory: 0x000002a4d1ae0240 | 40 02 ae d1 a4 02 00 00
R15=0x000000000000003a is an unknown value

Top of Stack: (sp=0x000000d041fff570)
0x000000d041fff570:   000000070aeb0000 0000000000000100   ................
0x000000d041fff580:   0000000000000000 000002a4d1ac7f80   ................
0x000000d041fff590:   0000000000000001 000002a4f74b91d0   ..........K.....
0x000000d041fff5a0:   00000000000003d8 000002a4f536c970   ........p.6.....
0x000000d041fff5b0:   000002a4f6e44f60 000002a4f74b92f8   `O........K.....
0x000000d041fff5c0:   000000000000001e 00007fff31e9759e   .........u.1....
0x000000d041fff5d0:   000002a4f5c4bb98 0000000000000040   ........@.......
0x000000d041fff5e0:   000002a4f74b91d0 000002a4f62eb450   ..K.....P.......
0x000000d041fff5f0:   00000000067e3386 0000000650559c51   .3~.....Q.UP....
0x000000d041fff600:   000002a4f74b92f8 000000000000001e   ..K.............
0x000000d041fff610:   000002a4f74b92f8 00007fff31ea7f6e   ..K.....n..1....
0x000000d041fff620:   000000d041ff0000 000002a4f74b0100   ...A......K.....
0x000000d041fff630:   0000000000000000 000002a4d1ac7f80   ................
0x000000d041fff640:   000002a4f6e44f50 00007fff31d5c90d   PO.........1....
0x000000d041fff650:   000002a4f6e44f60 000002a4d1b31fb0   `O..............
0x000000d041fff660:   00007fff31c70600 00007fff323a6457   ...1....Wd:2....
0x000000d041fff670:   000002a4f74b9268 00007fff31e9751b   h.K......u.1....
0x000000d041fff680:   000002a4f74b9358 000002a4f74b9358   X.K.....X.K.....
0x000000d041fff690:   000000d0412feec0 00007fff31e89d72   ../A....r..1....
0x000000d041fff6a0:   000002a4f053ae60 00007fff31d5eb08   `.S........1....
0x000000d041fff6b0:   0000000000000000 0000000000000000   ................
0x000000d041fff6c0:   00000000067da775 000000064fcd0bb1   u.}........O....
0x000000d041fff6d0:   00007fff31e6e3e0 00007fff31ea8dfb   ...1.......1....
0x000000d041fff6e0:   000002a4f74b9358 000000d0412fee01   X.K......./A....
0x000000d041fff6f0:   00007fff31c70600 0000000000000000   ...1............
0x000000d041fff700:   000002a4f7c9e000 000000d041fff878   ........x..A....
0x000000d041fff710:   00007fff32572af0 00000000067da775   .*W2....u.}.....
0x000000d041fff720:   000000064fcd0bb1 000002a400000005   ...O............
0x000000d041fff730:   000002a4f536c970 000002a400000001   p.6.............
0x000000d041fff740:   0000000000000000 0000000000000000   ................
0x000000d041fff750:   0000000000000000 000002a4f0406d18   .........m@.....
0x000000d041fff760:   0000000000000000 0000000000000000   ................

Instructions: (pc=0x00007fff31e9aece)
0x00007fff31e9adce:   f4 01 00 00 45 03 ce e8 56 d7 ff ff e9 7f fc ff
0x00007fff31e9adde:   ff 4c 8d 77 08 48 8b 77 10 8b 96 80 00 00 00 8b
0x00007fff31e9adee:   ca 8b 86 00 01 00 00 2b c8 81 e1 ff ff 01 00 3b
0x00007fff31e9adfe:   4c 24 68 0f 86 d8 03 00 00 8d 6a ff 81 e5 ff ff
0x00007fff31e9ae0e:   01 00 89 ae 80 00 00 00 e8 35 84 36 00 90 8b cd
0x00007fff31e9ae1e:   8b 86 00 01 00 00 2b c8 48 8b 9e 80 01 00 00 81
0x00007fff31e9ae2e:   e1 ff ff 01 00 81 f9 ff ff 01 00 41 0f 44 cc 48
0x00007fff31e9ae3e:   8b 1c eb 85 c9 75 41 90 89 6c 24 60 48 8b 86 00
0x00007fff31e9ae4e:   01 00 00 48 8b c8 48 c1 e9 20 ff c1 89 4c 24 64
0x00007fff31e9ae5e:   3b e8 0f 85 67 03 00 00 48 c1 e1 20 48 0b cd f0
0x00007fff31e9ae6e:   48 0f b1 8e 00 01 00 00 0f 85 51 03 00 00 8b 86
0x00007fff31e9ae7e:   00 01 00 00 4c 8d 77 08 f6 c3 01 0f 84 0d 01 00
0x00007fff31e9ae8e:   00 8b 0d 93 b1 8d 00 48 ff cb 49 8b 16 44 8b 13
0x00007fff31e9ae9e:   49 d3 e2 8b 8a b8 05 00 00 4c 03 15 72 b1 8d 00
0x00007fff31e9aeae:   48 8b 92 a8 05 00 00 49 8b c2 48 d3 e8 0f b7 14
0x00007fff31e9aebe:   42 0f b7 c2 66 c1 e8 08 84 c0 0f 88 11 ff ff ff
0x00007fff31e9aece:   4d 8b 02 41 0f b6 c0 24 03 3c 03 75 06 49 83 e0
0x00007fff31e9aede:   fc eb 11 4d 8b c8 48 8b cf 4d 8b c2 e8 a1 ec ff
0x00007fff31e9aeee:   ff 4c 8b c0 8b 0d 30 b1 8d 00 49 8b d0 48 2b 15
0x00007fff31e9aefe:   1e b1 8d 00 48 d3 ea 89 13 49 8b d0 8b 0d 00 89
0x00007fff31e9af0e:   94 00 48 33 d3 48 d3 ea 48 85 d2 0f 84 c0 fe ff
0x00007fff31e9af1e:   ff 49 8b 06 48 8b 90 a8 05 00 00 8b 88 b8 05 00
0x00007fff31e9af2e:   00 48 8b c3 48 d3 e8 80 7c 42 01 fe 0f 84 9f fe
0x00007fff31e9af3e:   ff ff 49 d3 e8 42 0f b7 0c 42 0f b7 c1 66 c1 e8
0x00007fff31e9af4e:   08 84 c0 0f 89 88 fe ff ff 84 c9 0f 84 80 fe ff
0x00007fff31e9af5e:   ff 4c 8b 47 60 8b 0d 0f 9d 93 00 48 d3 eb 49 8b
0x00007fff31e9af6e:   50 30 48 03 d3 48 8b da 49 2b 58 28 48 39 9f b8
0x00007fff31e9af7e:   01 00 00 0f 84 58 fe ff ff 48 8d 4f 18 e8 90 43
0x00007fff31e9af8e:   00 00 48 89 9f b8 01 00 00 e9 43 fe ff ff f6 c3
0x00007fff31e9af9e:   03 0f 85 e9 00 00 00 49 8b 16 4c 8b 13 49 8b c2
0x00007fff31e9afae:   8b 8a b8 05 00 00 48 8b 92 a8 05 00 00 48 d3 e8
0x00007fff31e9afbe:   0f b7 14 42 0f b7 c2 66 c1 e8 08 84 c0 0f 88 12


Stack slot to memory mapping:

stack at sp + 0 slots: 0x000000070aeb0000 is an oop: [B 
{0x000000070aeb0000} - klass: {type array byte}
 - length: 10
stack at sp + 1 slots: 0x0000000000000100 is an unknown value
stack at sp + 2 slots: 0x0 is null
stack at sp + 3 slots: 0x000002a4d1ac7f80 points into unknown readable memory: 0x000000070ae00000 | 00 00 e0 0a 07 00 00 00
stack at sp + 4 slots: 0x0000000000000001 is an unknown value
stack at sp + 5 slots: 0x000002a4f74b91d0 points into unknown readable memory: 0x00007fff32577c40 | 40 7c 57 32 ff 7f 00 00
stack at sp + 6 slots: 0x00000000000003d8 is an unknown value
stack at sp + 7 slots: 0x000002a4f536c970 points into unknown readable memory: 0x000002a400000004 | 04 00 00 00 a4 02 00 00


---------------  P R O C E S S  ---------------

Threads class SMR info:
_java_thread_list=0x000002a4f6059b20, length=13, elements={
0x000002a4cf7dc100, 0x000002a4f03fc440, 0x000002a4f03fdeb0, 0x000002a4f03fe910,
0x000002a4f03ff5f0, 0x000002a4f0402060, 0x000002a4f0404ad0, 0x000002a4f0407870,
0x000002a4f040b810, 0x000002a4f06aef00, 0x000002a4f0715780, 0x000002a4f063bbe0,
0x000002a4f5a33b30
}

Java Threads: ( => current thread )
  0x000002a4cf7dc100 JavaThread "main"                              [_thread_blocked, id=8376, stack(0x000000d040b00000,0x000000d040c00000) (1024K)]
  0x000002a4f03fc440 JavaThread "Reference Handler"          daemon [_thread_blocked, id=6028, stack(0x000000d041300000,0x000000d041400000) (1024K)]
  0x000002a4f03fdeb0 JavaThread "Finalizer"                  daemon [_thread_blocked, id=11644, stack(0x000000d041400000,0x000000d041500000) (1024K)]
  0x000002a4f03fe910 JavaThread "Signal Dispatcher"          daemon [_thread_blocked, id=10852, stack(0x000000d041500000,0x000000d041600000) (1024K)]
  0x000002a4f03ff5f0 JavaThread "Attach Listener"            daemon [_thread_blocked, id=4220, stack(0x000000d041600000,0x000000d041700000) (1024K)]
  0x000002a4f0402060 JavaThread "Service Thread"             daemon [_thread_blocked, id=10712, stack(0x000000d041700000,0x000000d041800000) (1024K)]
  0x000002a4f0404ad0 JavaThread "Monitor Deflation Thread"   daemon [_thread_blocked, id=1328, stack(0x000000d041800000,0x000000d041900000) (1024K)]
  0x000002a4f0407870 JavaThread "C2 CompilerThread0"         daemon [_thread_blocked, id=6252, stack(0x000000d041900000,0x000000d041a00000) (1024K)]
  0x000002a4f040b810 JavaThread "C1 CompilerThread0"         daemon [_thread_blocked, id=2692, stack(0x000000d041a00000,0x000000d041b00000) (1024K)]
  0x000002a4f06aef00 JavaThread "Common-Cleaner"             daemon [_thread_blocked, id=7864, stack(0x000000d041b00000,0x000000d041c00000) (1024K)]
  0x000002a4f0715780 JavaThread "Monitor Ctrl-Break"         daemon [_thread_in_native, id=4480, stack(0x000000d041d00000,0x000000d041e00000) (1024K)]
  0x000002a4f063bbe0 JavaThread "Notification Thread"        daemon [_thread_blocked, id=9940, stack(0x000000d041e00000,0x000000d041f00000) (1024K)]
  0x000002a4f5a33b30 JavaThread "C2 CompilerThread1"         daemon [_thread_blocked, id=4304, stack(0x000000d042200000,0x000000d042300000) (1024K)]
Total: 13

Other Threads:
  0x000002a4f03e1490 VMThread "VM Thread"                           [id=11580, stack(0x000000d041200000,0x000000d041300000) (1024K)]
  0x000002a4f03cf520 WatcherThread "VM Periodic Task Thread"        [id=11196, stack(0x000000d041100000,0x000000d041200000) (1024K)]
  0x000002a4d1b31fb0 WorkerThread "GC Thread#0"                     [id=11056, stack(0x000000d040c00000,0x000000d040d00000) (1024K)]
=>0x000002a4f5373ba0 WorkerThread "GC Thread#1"                     [id=1636, stack(0x000000d041f00000,0x000000d042000000) (1024K)]
  0x000002a4f5373f50 WorkerThread "GC Thread#2"                     [id=7528, stack(0x000000d042000000,0x000000d042100000) (1024K)]
  0x000002a4f5374300 WorkerThread "GC Thread#3"                     [id=1500, stack(0x000000d042100000,0x000000d042200000) (1024K)]
  0x000002a4d1b427e0 ConcurrentGCThread "G1 Main Marker"            [id=11880, stack(0x000000d040d00000,0x000000d040e00000) (1024K)]
  0x000002a4d1b446a0 WorkerThread "G1 Conc#0"                       [id=11312, stack(0x000000d040e00000,0x000000d040f00000) (1024K)]
  0x000002a4d1b8e560 ConcurrentGCThread "G1 Refine#0"               [id=1960, stack(0x000000d040f00000,0x000000d041000000) (1024K)]
  0x000002a4f02a1160 ConcurrentGCThread "G1 Service"                [id=11992, stack(0x000000d041000000,0x000000d041100000) (1024K)]
Total: 10

Threads with active compile tasks:
C2 CompilerThread0  11079 4297       4       jdk.internal.loader.ClassLoaders$AppClassLoader::loadClass (40 bytes)
C2 CompilerThread1  11079 4310   !   4       java.util.concurrent.ConcurrentHashMap::transfer (849 bytes)
Total: 2

VM state: at safepoint (normal execution)

VM Mutex/Monitor currently owned by a thread:  ([mutex/lock_event])
[0x00007fff327fb8b0] Threads_lock - owner thread: 0x000002a4f03e1490
[0x00007fff327fb9b0] Heap_lock - owner thread: 0x000002a4cf7dc100

Heap address: 0x0000000709600000, size: 3946 MB, Compressed Oops mode: Zero based, Oop shift amount: 3

CDS archive(s) mapped at: [0x000002a480000000-0x000002a480c80000-0x000002a480c80000), size 13107200, SharedBaseAddress: 0x000002a480000000, ArchiveRelocationMode: 1.
Compressed class space mapped at: 0x000002a481000000-0x000002a4c1000000, reserved size: 1073741824
Narrow klass base: 0x000002a480000000, Narrow klass shift: 0, Narrow klass range: 0x100000000

GC Precious Log:
 CardTable entry size: 512
 Card Set container configuration: InlinePtr #cards 4 size 8 Array Of Cards #cards 16 size 48 Howl #buckets 8 coarsen threshold 3686 Howl Bitmap #cards 512 size 80 coarsen threshold 460 Card regions per heap region 1 cards per card region 4096
 CPUs: 4 total, 4 available
 Memory: 15783M
 Large Page Support: Disabled
 NUMA Support: Disabled
 Compressed Oops: Enabled (Zero based)
 Heap Region Size: 2M
 Heap Min Capacity: 8M
 Heap Initial Capacity: 248M
 Heap Max Capacity: 3946M
 Pre-touch: Disabled
 Parallel Workers: 4
 Concurrent Workers: 1
 Concurrent Refinement Workers: 4
 Periodic GC: Disabled

Heap:
 garbage-first heap   total 55296K, used 24943K [0x0000000709600000, 0x0000000800000000)
  region size 2048K, 4 young (8192K), 1 survivors (2048K)
 Metaspace       used 35414K, committed 35968K, reserved 1114112K
  class space    used 4652K, committed 4928K, reserved 1048576K

Heap Regions: E=young(eden), S=young(survivor), O=old, HS=humongous(starts), HC=humongous(continues), CS=collection set, F=free, TAMS=top-at-mark-start, PB=parsable bottom
|   0|0x0000000709600000, 0x0000000709800000, 0x0000000709800000|100%| O|  |TAMS 0x0000000709800000| PB 0x0000000709600000| Untracked 
|   1|0x0000000709800000, 0x0000000709a00000, 0x0000000709a00000|100%| O|  |TAMS 0x0000000709a00000| PB 0x0000000709800000| Untracked 
|   2|0x0000000709a00000, 0x0000000709c00000, 0x0000000709c00000|100%| O|  |TAMS 0x0000000709c00000| PB 0x0000000709a00000| Untracked 
|   3|0x0000000709c00000, 0x0000000709e00000, 0x0000000709e00000|100%| O|  |TAMS 0x0000000709c00000| PB 0x0000000709c00000| Untracked 
|   4|0x0000000709e00000, 0x000000070a000000, 0x000000070a000000|100%| O|  |TAMS 0x000000070a000000| PB 0x0000000709e00000| Untracked 
|   5|0x000000070a000000, 0x000000070a200000, 0x000000070a200000|100%| O|  |TAMS 0x000000070a200000| PB 0x000000070a000000| Untracked 
|   6|0x000000070a200000, 0x000000070a400000, 0x000000070a400000|100%| O|  |TAMS 0x000000070a400000| PB 0x000000070a200000| Untracked 
|   7|0x000000070a400000, 0x000000070a600000, 0x000000070a600000|100%| O|  |TAMS 0x000000070a600000| PB 0x000000070a400000| Untracked 
|   8|0x000000070a600000, 0x000000070a800000, 0x000000070a800000|100%| O|  |TAMS 0x000000070a766320| PB 0x000000070a600000| Untracked 
|   9|0x000000070a800000, 0x000000070a96b950, 0x000000070aa00000| 71%| O|  |TAMS 0x000000070a800000| PB 0x000000070a800000| Untracked 
|  10|0x000000070aa00000, 0x000000070aa00000, 0x000000070ac00000|  0%| F|  |TAMS 0x000000070aa00000| PB 0x000000070aa00000| Untracked 
|  11|0x000000070ac00000, 0x000000070ae00000, 0x000000070ae00000|100%| E|CS|TAMS 0x000000070ac00000| PB 0x000000070ac00000| Complete 
|  12|0x000000070ae00000, 0x000000070b000000, 0x000000070b000000|100%| E|CS|TAMS 0x000000070ae00000| PB 0x000000070ae00000| Complete 
|  13|0x000000070b000000, 0x000000070b000000, 0x000000070b200000|  0%| F|  |TAMS 0x000000070b000000| PB 0x000000070b000000| Untracked 
|  14|0x000000070b200000, 0x000000070b200000, 0x000000070b400000|  0%| F|  |TAMS 0x000000070b200000| PB 0x000000070b200000| Untracked 
|  15|0x000000070b400000, 0x000000070b400000, 0x000000070b600000|  0%| F|  |TAMS 0x000000070b400000| PB 0x000000070b400000| Untracked 
|  16|0x000000070b600000, 0x000000070b600000, 0x000000070b800000|  0%| F|  |TAMS 0x000000070b600000| PB 0x000000070b600000| Untracked 
|  17|0x000000070b800000, 0x000000070b800000, 0x000000070ba00000|  0%| F|  |TAMS 0x000000070b800000| PB 0x000000070b800000| Untracked 
|  18|0x000000070ba00000, 0x000000070ba00000, 0x000000070bc00000|  0%| F|  |TAMS 0x000000070ba00000| PB 0x000000070ba00000| Untracked 
|  19|0x000000070bc00000, 0x000000070bc00000, 0x000000070be00000|  0%| F|  |TAMS 0x000000070bc00000| PB 0x000000070bc00000| Untracked 
|  20|0x000000070be00000, 0x000000070be00000, 0x000000070c000000|  0%| F|  |TAMS 0x000000070be00000| PB 0x000000070be00000| Untracked 
|  21|0x000000070c000000, 0x000000070c000000, 0x000000070c200000|  0%| F|  |TAMS 0x000000070c000000| PB 0x000000070c000000| Untracked 
|  98|0x0000000715a00000, 0x0000000715a00000, 0x0000000715c00000|  0%| F|  |TAMS 0x0000000715a00000| PB 0x0000000715a00000| Untracked 
|  99|0x0000000715c00000, 0x0000000715cb3e80, 0x0000000715e00000| 35%| S|  |TAMS 0x0000000715c00000| PB 0x0000000715c00000| Complete 
| 100|0x0000000715e00000, 0x0000000715ef5a20, 0x0000000716000000| 47%| E|CS|TAMS 0x0000000715e00000| PB 0x0000000715e00000| Complete 
| 101|0x0000000716000000, 0x0000000716200000, 0x0000000716200000|100%| E|CS|TAMS 0x0000000716000000| PB 0x0000000716000000| Complete 
| 123|0x0000000718c00000, 0x0000000718e00000, 0x0000000718e00000|100%| E|CS|TAMS 0x0000000718c00000| PB 0x0000000718c00000| Complete 

Card table byte_map: [0x000002a4e99c0000,0x000002a4ea180000] _byte_map_base: 0x000002a4e6175000

Marking Bits: (CMBitMap*) 0x000002a4d1b326c0
 Bits: [0x000002a4ea180000, 0x000002a4edf28000)

Polling page: 0x000002a4cfb60000

Metaspace:

Usage:
  Non-class:     30.04 MB used.
      Class:      4.54 MB used.
       Both:     34.58 MB used.

Virtual space:
  Non-class space:       64.00 MB reserved,      30.31 MB ( 47%) committed,  1 nodes.
      Class space:        1.00 GB reserved,       4.81 MB ( <1%) committed,  1 nodes.
             Both:        1.06 GB reserved,      35.12 MB (  3%) committed. 

Chunk freelists:
   Non-Class:  1.69 MB
       Class:  11.23 MB
        Both:  12.92 MB

MaxMetaspaceSize: unlimited
CompressedClassSpaceSize: 1.00 GB
Initial GC threshold: 21.00 MB
Current GC threshold: 35.12 MB
CDS: on
 - commit_granule_bytes: 65536.
 - commit_granule_words: 8192.
 - virtual_space_node_default_size: 8388608.
 - enlarge_chunks_in_place: 1.
 - use_allocation_guard: 0.


Internal statistics:

num_allocs_failed_limit: 8.
num_arena_births: 642.
num_arena_deaths: 0.
num_vsnodes_births: 2.
num_vsnodes_deaths: 0.
num_space_committed: 562.
num_space_uncommitted: 0.
num_chunks_returned_to_freelist: 8.
num_chunks_taken_from_freelist: 1930.
num_chunk_merges: 8.
num_chunk_splits: 1307.
num_chunks_enlarged: 935.
num_inconsistent_stats: 0.

CodeHeap 'non-profiled nmethods': size=120000Kb used=2321Kb max_used=2321Kb free=117678Kb
 bounds [0x000002a4e1cd0000, 0x000002a4e1f40000, 0x000002a4e9200000]
CodeHeap 'profiled nmethods': size=120000Kb used=8971Kb max_used=8971Kb free=111028Kb
 bounds [0x000002a4da200000, 0x000002a4daad0000, 0x000002a4e1730000]
CodeHeap 'non-nmethods': size=5760Kb used=1394Kb max_used=1462Kb free=4365Kb
 bounds [0x000002a4e1730000, 0x000002a4e19a0000, 0x000002a4e1cd0000]
CodeCache: size=245760Kb, used=12686Kb, max_used=12754Kb, free=233071Kb
 total_blobs=4856, nmethods=4305, adapters=454, full_count=0
Compilation: enabled, stopped_count=0, restarted_count=0

Compilation events (20 events):
Event: 10.812 Thread 0x000002a4f040b810 4302       3       java.util.zip.ZipCoder$UTF8ZipCoder::toString (12 bytes)
Event: 10.812 Thread 0x000002a4f040b810 nmethod 4302 0x000002a4daabc590 code [0x000002a4daabc740, 0x000002a4daabc8f8]
Event: 10.813 Thread 0x000002a4f040b810 4303       3       java.io.PushbackInputStream::read (129 bytes)
Event: 10.815 Thread 0x000002a4f040b810 nmethod 4303 0x000002a4daabca10 code [0x000002a4daabcc60, 0x000002a4daabd5a0]
Event: 10.815 Thread 0x000002a4f040b810 4304       3       java.lang.String::newStringUTF8NoRepl (322 bytes)
Event: 10.819 Thread 0x000002a4f040b810 nmethod 4304 0x000002a4daabd890 code [0x000002a4daabdcc0, 0x000002a4daabfb30]
Event: 10.820 Thread 0x000002a4f040b810 4305       3       java.util.zip.ZipInputStream::read (288 bytes)
Event: 10.823 Thread 0x000002a4f040b810 nmethod 4305 0x000002a4daac0590 code [0x000002a4daac0960, 0x000002a4daac2030]
Event: 10.825 Thread 0x000002a4f040b810 4306       3       java.util.zip.ZipUtils::get32 (23 bytes)
Event: 10.826 Thread 0x000002a4f040b810 nmethod 4306 0x000002a4daac2890 code [0x000002a4daac2a40, 0x000002a4daac2cb8]
Event: 10.827 Thread 0x000002a4f5a33b30 nmethod 4296 0x000002a4e1f11010 code [0x000002a4e1f112e0, 0x000002a4e1f12820]
Event: 10.828 Thread 0x000002a4f5a33b30 4300       4       java.util.Objects::checkFromIndexSize (8 bytes)
Event: 10.829 Thread 0x000002a4f5a33b30 nmethod 4300 0x000002a4e1f13410 code [0x000002a4e1f135a0, 0x000002a4e1f13668]
Event: 10.829 Thread 0x000002a4f5a33b30 4307   !   4       java.util.zip.Inflater::needsInput (55 bytes)
Event: 10.832 Thread 0x000002a4f5a33b30 nmethod 4307 0x000002a4e1f13710 code [0x000002a4e1f138a0, 0x000002a4e1f13b00]
Event: 10.833 Thread 0x000002a4f5a33b30 4308       4       java.util.zip.CRC32::update (38 bytes)
Event: 10.836 Thread 0x000002a4f5a33b30 nmethod 4308 0x000002a4e1f13c10 code [0x000002a4e1f13da0, 0x000002a4e1f13f98]
Event: 10.836 Thread 0x000002a4f5a33b30 4309       4       java.util.zip.CRC32::updateBytesCheck (35 bytes)
Event: 10.837 Thread 0x000002a4f5a33b30 nmethod 4309 0x000002a4e1f14190 code [0x000002a4e1f14320, 0x000002a4e1f14420]
Event: 10.839 Thread 0x000002a4f5a33b30 4310   !   4       java.util.concurrent.ConcurrentHashMap::transfer (849 bytes)

GC Heap History (15 events):
Event: 1.183 GC heap before
{Heap before GC invocations=0 (full 0):
 garbage-first heap   total 253952K, used 10240K [0x0000000709600000, 0x0000000800000000)
  region size 2048K, 6 young (12288K), 0 survivors (0K)
 Metaspace       used 2345K, committed 2560K, reserved 1114112K
  class space    used 207K, committed 320K, reserved 1048576K
}
Event: 1.192 GC heap after
{Heap after GC invocations=1 (full 0):
 garbage-first heap   total 253952K, used 6544K [0x0000000709600000, 0x0000000800000000)
  region size 2048K, 1 young (2048K), 1 survivors (2048K)
 Metaspace       used 2345K, committed 2560K, reserved 1114112K
  class space    used 207K, committed 320K, reserved 1048576K
}
Event: 2.107 GC heap before
{Heap before GC invocations=1 (full 0):
 garbage-first heap   total 253952K, used 16784K [0x0000000709600000, 0x0000000800000000)
  region size 2048K, 6 young (12288K), 1 survivors (2048K)
 Metaspace       used 4880K, committed 5120K, reserved 1114112K
  class space    used 593K, committed 704K, reserved 1048576K
}
Event: 2.113 GC heap after
{Heap after GC invocations=2 (full 0):
 garbage-first heap   total 253952K, used 7351K [0x0000000709600000, 0x0000000800000000)
  region size 2048K, 1 young (2048K), 1 survivors (2048K)
 Metaspace       used 4880K, committed 5120K, reserved 1114112K
  class space    used 593K, committed 704K, reserved 1048576K
}
Event: 4.139 GC heap before
{Heap before GC invocations=2 (full 0):
 garbage-first heap   total 253952K, used 33975K [0x0000000709600000, 0x0000000800000000)
  region size 2048K, 14 young (28672K), 1 survivors (2048K)
 Metaspace       used 12376K, committed 12672K, reserved 1114112K
  class space    used 1578K, committed 1728K, reserved 1048576K
}
Event: 4.148 GC heap after
{Heap after GC invocations=3 (full 0):
 garbage-first heap   total 253952K, used 9502K [0x0000000709600000, 0x0000000800000000)
  region size 2048K, 2 young (4096K), 2 survivors (4096K)
 Metaspace       used 12376K, committed 12672K, reserved 1114112K
  class space    used 1578K, committed 1728K, reserved 1048576K
}
Event: 6.478 GC heap before
{Heap before GC invocations=3 (full 0):
 garbage-first heap   total 253952K, used 48414K [0x0000000709600000, 0x0000000800000000)
  region size 2048K, 22 young (45056K), 2 survivors (4096K)
 Metaspace       used 21260K, committed 21504K, reserved 1114112K
  class space    used 2779K, committed 2880K, reserved 1048576K
}
Event: 6.496 GC heap after
{Heap after GC invocations=4 (full 0):
 garbage-first heap   total 253952K, used 13018K [0x0000000709600000, 0x0000000800000000)
  region size 2048K, 4 young (8192K), 4 survivors (8192K)
 Metaspace       used 21260K, committed 21504K, reserved 1114112K
  class space    used 2779K, committed 2880K, reserved 1048576K
}
Event: 7.585 GC heap before
{Heap before GC invocations=5 (full 0):
 garbage-first heap   total 55296K, used 37594K [0x0000000709600000, 0x0000000800000000)
  region size 2048K, 16 young (32768K), 4 survivors (8192K)
 Metaspace       used 25247K, committed 25600K, reserved 1114112K
  class space    used 3318K, committed 3456K, reserved 1048576K
}
Event: 7.605 GC heap after
{Heap after GC invocations=6 (full 0):
 garbage-first heap   total 55296K, used 15451K [0x0000000709600000, 0x0000000800000000)
  region size 2048K, 2 young (4096K), 2 survivors (4096K)
 Metaspace       used 25247K, committed 25600K, reserved 1114112K
  class space    used 3318K, committed 3456K, reserved 1048576K
}
Event: 9.047 GC heap before
{Heap before GC invocations=6 (full 0):
 garbage-first heap   total 55296K, used 40027K [0x0000000709600000, 0x0000000800000000)
  region size 2048K, 14 young (28672K), 2 survivors (4096K)
 Metaspace       used 28963K, committed 29440K, reserved 1114112K
  class space    used 3836K, committed 4032K, reserved 1048576K
}
Event: 9.066 GC heap after
{Heap after GC invocations=7 (full 0):
 garbage-first heap   total 55296K, used 17240K [0x0000000709600000, 0x0000000800000000)
  region size 2048K, 1 young (2048K), 1 survivors (2048K)
 Metaspace       used 28963K, committed 29440K, reserved 1114112K
  class space    used 3836K, committed 4032K, reserved 1048576K
}
Event: 10.671 GC heap before
{Heap before GC invocations=7 (full 0):
 garbage-first heap   total 55296K, used 41816K [0x0000000709600000, 0x0000000800000000)
  region size 2048K, 14 young (28672K), 1 survivors (2048K)
 Metaspace       used 34309K, committed 34816K, reserved 1114112K
  class space    used 4561K, committed 4800K, reserved 1048576K
}
Event: 10.687 GC heap after
{Heap after GC invocations=8 (full 0):
 garbage-first heap   total 55296K, used 19864K [0x0000000709600000, 0x0000000800000000)
  region size 2048K, 2 young (4096K), 2 survivors (4096K)
 Metaspace       used 34309K, committed 34816K, reserved 1114112K
  class space    used 4561K, committed 4800K, reserved 1048576K
}
Event: 10.889 GC heap before
{Heap before GC invocations=8 (full 0):
 garbage-first heap   total 55296K, used 23960K [0x0000000709600000, 0x0000000800000000)
  region size 2048K, 5 young (10240K), 2 survivors (4096K)
 Metaspace       used 35414K, committed 35968K, reserved 1114112K
  class space    used 4652K, committed 4928K, reserved 1048576K
}

Dll operation events (13 events):
Event: 0.024 Loaded shared library C:\Program Files\Microsoft\jdk-21.0.11.10-hotspot\bin\java.dll
Event: 0.135 Loaded shared library C:\Program Files\Microsoft\jdk-21.0.11.10-hotspot\bin\jsvml.dll
Event: 0.448 Loaded shared library C:\Program Files\Microsoft\jdk-21.0.11.10-hotspot\bin\zip.dll
Event: 0.456 Loaded shared library C:\Program Files\Microsoft\jdk-21.0.11.10-hotspot\bin\instrument.dll
Event: 0.468 Loaded shared library C:\Program Files\Microsoft\jdk-21.0.11.10-hotspot\bin\net.dll
Event: 0.484 Loaded shared library C:\Program Files\Microsoft\jdk-21.0.11.10-hotspot\bin\nio.dll
Event: 0.492 Loaded shared library C:\Program Files\Microsoft\jdk-21.0.11.10-hotspot\bin\zip.dll
Event: 0.528 Loaded shared library C:\Program Files\JetBrains\IntelliJ IDEA 2023.3.8\bin\breakgen64.dll
Event: 0.565 Loaded shared library C:\Program Files\Microsoft\jdk-21.0.11.10-hotspot\bin\extnet.dll
Event: 0.964 Loaded shared library C:\Program Files\Microsoft\jdk-21.0.11.10-hotspot\bin\jimage.dll
Event: 7.411 Loaded shared library C:\Program Files\Microsoft\jdk-21.0.11.10-hotspot\bin\sunmscapi.dll
Event: 10.450 Loaded shared library C:\Program Files\Microsoft\jdk-21.0.11.10-hotspot\bin\management.dll
Event: 10.455 Loaded shared library C:\Program Files\Microsoft\jdk-21.0.11.10-hotspot\bin\management_ext.dll

Deoptimization events (20 events):
Event: 10.743 Thread 0x000002a4cf7dc100 DEOPT PACKING pc=0x000002a4e1e558a8 sp=0x000000d040bf9a80
Event: 10.743 Thread 0x000002a4cf7dc100 DEOPT UNPACKING pc=0x000002a4e1784422 sp=0x000000d040bf99d0 mode 2
Event: 10.838 Thread 0x000002a4cf7dc100 Uncommon trap: trap_request=0xffffffc6 fr.pc=0x000002a4e1ed0cdc relative=0x000000000000155c
Event: 10.838 Thread 0x000002a4cf7dc100 Uncommon trap: reason=bimorphic_or_optimized_type_check action=maybe_recompile pc=0x000002a4e1ed0cdc method=java.util.Properties$LineReader.readLine()I @ 70 c2
Event: 10.838 Thread 0x000002a4cf7dc100 DEOPT PACKING pc=0x000002a4e1ed0cdc sp=0x000000d040bf8550
Event: 10.838 Thread 0x000002a4cf7dc100 DEOPT UNPACKING pc=0x000002a4e1784422 sp=0x000000d040bf84f8 mode 2
Event: 10.839 Thread 0x000002a4cf7dc100 DEOPT PACKING pc=0x000002a4da7efc4d sp=0x000000d040bf8350
Event: 10.839 Thread 0x000002a4cf7dc100 DEOPT UNPACKING pc=0x000002a4e1784bc2 sp=0x000000d040bf7860 mode 0
Event: 10.839 Thread 0x000002a4cf7dc100 Uncommon trap: trap_request=0xffffffc6 fr.pc=0x000002a4e1ed0cdc relative=0x000000000000155c
Event: 10.839 Thread 0x000002a4cf7dc100 Uncommon trap: reason=bimorphic_or_optimized_type_check action=maybe_recompile pc=0x000002a4e1ed0cdc method=java.util.Properties$LineReader.readLine()I @ 70 c2
Event: 10.839 Thread 0x000002a4cf7dc100 DEOPT PACKING pc=0x000002a4e1ed0cdc sp=0x000000d040bf8550
Event: 10.839 Thread 0x000002a4cf7dc100 DEOPT UNPACKING pc=0x000002a4e1784422 sp=0x000000d040bf84f8 mode 2
Event: 10.839 Thread 0x000002a4cf7dc100 Uncommon trap: trap_request=0xffffffde fr.pc=0x000002a4e1ed0c90 relative=0x0000000000001510
Event: 10.839 Thread 0x000002a4cf7dc100 Uncommon trap: reason=class_check action=maybe_recompile pc=0x000002a4e1ed0c90 method=java.util.Properties$LineReader.readLine()I @ 479 c2
Event: 10.839 Thread 0x000002a4cf7dc100 DEOPT PACKING pc=0x000002a4e1ed0c90 sp=0x000000d040bf8550
Event: 10.839 Thread 0x000002a4cf7dc100 DEOPT UNPACKING pc=0x000002a4e1784422 sp=0x000000d040bf84f8 mode 2
Event: 10.839 Thread 0x000002a4cf7dc100 Uncommon trap: trap_request=0xffffffc6 fr.pc=0x000002a4e1ed0cdc relative=0x000000000000155c
Event: 10.839 Thread 0x000002a4cf7dc100 Uncommon trap: reason=bimorphic_or_optimized_type_check action=maybe_recompile pc=0x000002a4e1ed0cdc method=java.util.Properties$LineReader.readLine()I @ 70 c2
Event: 10.839 Thread 0x000002a4cf7dc100 DEOPT PACKING pc=0x000002a4e1ed0cdc sp=0x000000d040bf8550
Event: 10.839 Thread 0x000002a4cf7dc100 DEOPT UNPACKING pc=0x000002a4e1784422 sp=0x000000d040bf84f8 mode 2

Classes loaded (20 events):
Event: 10.782 Loading class java/util/concurrent/atomic/AtomicIntegerArray
Event: 10.782 Loading class java/util/concurrent/atomic/AtomicIntegerArray done
Event: 10.782 Loading class java/lang/invoke/VarHandleInts$Array
Event: 10.782 Loading class java/lang/invoke/VarHandleInts$Array done
Event: 10.795 Loading class java/util/concurrent/atomic/AtomicReferenceFieldUpdater
Event: 10.795 Loading class java/util/concurrent/atomic/AtomicReferenceFieldUpdater done
Event: 10.795 Loading class java/util/concurrent/atomic/AtomicReferenceFieldUpdater$AtomicReferenceFieldUpdaterImpl
Event: 10.795 Loading class java/util/concurrent/atomic/AtomicReferenceFieldUpdater$AtomicReferenceFieldUpdaterImpl done
Event: 10.795 Loading class java/util/concurrent/atomic/AtomicReferenceFieldUpdater$AtomicReferenceFieldUpdaterImpl$1
Event: 10.795 Loading class java/util/concurrent/atomic/AtomicReferenceFieldUpdater$AtomicReferenceFieldUpdaterImpl$1 done
Event: 10.798 Loading class java/util/zip/ZipInputStream
Event: 10.798 Loading class java/util/zip/ZipInputStream done
Event: 10.808 Loading class java/io/PushbackInputStream
Event: 10.808 Loading class java/io/PushbackInputStream done
Event: 10.838 Loading class java/io/EOFException
Event: 10.838 Loading class java/io/EOFException done
Event: 10.858 Loading class java/security/Key
Event: 10.859 Loading class java/security/Key done
Event: 10.876 Loading class java/text/Collator
Event: 10.876 Loading class java/text/Collator done

Classes unloaded (0 events):
No events

Classes redefined (0 events):
No events

Internal exceptions (20 events):
Event: 9.426 Thread 0x000002a4cf7dc100 Exception <a 'java/lang/NoSuchMethodError'{0x0000000715c1a900}: 'void java.lang.invoke.DirectMethodHandle$Holder.invokeVirtual(java.lang.Object, java.lang.Object, int)'> (0x0000000715c1a900) 
thrown [s\src\hotspot\share\interpreter\linkResolver.cpp, line 773]
Event: 9.428 Thread 0x000002a4cf7dc100 Exception <a 'java/lang/NoSuchMethodError'{0x0000000715c1ede8}: 'int java.lang.invoke.DirectMethodHandle$Holder.invokeSpecial(java.lang.Object, java.lang.Object, java.lang.Object, int)'> (0x0000000715c1ede8) 
thrown [s\src\hotspot\share\interpreter\linkResolver.cpp, line 773]
Event: 9.431 Thread 0x000002a4cf7dc100 Exception <a 'java/lang/NoSuchMethodError'{0x0000000715c31088}: 'java.lang.Object java.lang.invoke.DirectMethodHandle$Holder.invokeStatic(java.lang.Object, java.lang.Object, java.lang.Object, java.lang.Object, int)'> (0x0000000715c31088) 
thrown [s\src\hotspot\share\interpreter\linkResolver.cpp, line 773]
Event: 9.432 Thread 0x000002a4cf7dc100 Exception <a 'java/lang/NoSuchMethodError'{0x0000000715c3b860}: 'void java.lang.invoke.DelegatingMethodHandle$Holder.reinvoke_L(java.lang.Object, java.lang.Object, int)'> (0x0000000715c3b860) 
thrown [s\src\hotspot\share\interpreter\linkResolver.cpp, line 773]
Event: 9.604 Thread 0x000002a4cf7dc100 Exception <a 'java/lang/NoSuchMethodError'{0x0000000715ab78e0}: 'java.lang.Object java.lang.invoke.DirectMethodHandle$Holder.invokeVirtual(java.lang.Object, java.lang.Object, java.lang.Object, java.lang.Object, java.lang.Object)'> (0x0000000715ab78e0) 
thrown [s\src\hotspot\share\interpreter\linkResolver.cpp, line 773]
Event: 9.740 Thread 0x000002a4cf7dc100 Exception <a 'java/lang/NoSuchMethodError'{0x000000070c10c0f8}: 'java.lang.reflect.Field[] java.lang.Class.getDeclaredFields(java.lang.Class)'> (0x000000070c10c0f8) 
thrown [s\src\hotspot\share\interpreter\linkResolver.cpp, line 773]
Event: 9.780 Thread 0x000002a4cf7dc100 Exception <a 'java/lang/NoSuchMethodError'{0x000000070c1a9648}: 'java.lang.Object java.lang.invoke.DirectMethodHandle$Holder.invokeVirtual(java.lang.Object, java.lang.Object, java.lang.Object, java.lang.Object, java.lang.Object, java.lang.Object)'> (0x000000070c1a9648) 
thrown [s\src\hotspot\share\interpreter\linkResolver.cpp, line 773]
Event: 9.856 Thread 0x000002a4cf7dc100 Exception <a 'java/lang/NoSuchMethodError'{0x000000070bec93c0}: 'void java.lang.invoke.DirectMethodHandle$Holder.invokeInterface(java.lang.Object, java.lang.Object, int)'> (0x000000070bec93c0) 
thrown [s\src\hotspot\share\interpreter\linkResolver.cpp, line 773]
Event: 9.869 Thread 0x000002a4cf7dc100 Exception <a 'java/lang/IncompatibleClassChangeError'{0x000000070bf0ca28}: Found class java.lang.Object, but interface was expected> (0x000000070bf0ca28) 
thrown [s\src\hotspot\share\interpreter\linkResolver.cpp, line 840]
Event: 9.872 Thread 0x000002a4cf7dc100 Exception <a 'java/lang/NoSuchMethodError'{0x000000070bf1afe0}: 'int java.lang.invoke.DirectMethodHandle$Holder.invokeSpecialIFC(java.lang.Object, java.lang.Object, java.lang.Object)'> (0x000000070bf1afe0) 
thrown [s\src\hotspot\share\interpreter\linkResolver.cpp, line 773]
Event: 9.875 Thread 0x000002a4cf7dc100 Exception <a 'java/lang/NoSuchMethodError'{0x000000070bf276d0}: 'void java.lang.invoke.DirectMethodHandle$Holder.invokeStatic(java.lang.Object, int, java.lang.Object)'> (0x000000070bf276d0) 
thrown [s\src\hotspot\share\interpreter\linkResolver.cpp, line 773]
Event: 9.887 Thread 0x000002a4cf7dc100 Exception <a 'java/lang/NoSuchMethodError'{0x000000070bf5e480}: 'void java.lang.invoke.DirectMethodHandle$Holder.invokeStatic(java.lang.Object, java.lang.Object, java.lang.Object, int, java.lang.Object)'> (0x000000070bf5e480) 
thrown [s\src\hotspot\share\interpreter\linkResolver.cpp, line 773]
Event: 9.888 Thread 0x000002a4cf7dc100 Exception <a 'java/lang/NoSuchMethodError'{0x000000070bf65530}: 'java.lang.Object java.lang.invoke.DirectMethodHandle$Holder.newInvokeSpecial(java.lang.Object, java.lang.Object, java.lang.Object, int)'> (0x000000070bf65530) 
thrown [s\src\hotspot\share\interpreter\linkResolver.cpp, line 773]
Event: 9.888 Thread 0x000002a4cf7dc100 Exception <a 'java/lang/NoSuchMethodError'{0x000000070bf69b10}: 'java.lang.Object java.lang.invoke.DirectMethodHandle$Holder.invokeSpecial(java.lang.Object, java.lang.Object, java.lang.Object, java.lang.Object, int)'> (0x000000070bf69b10) 
thrown [s\src\hotspot\share\interpreter\linkResolver.cpp, line 773]
Event: 9.889 Thread 0x000002a4cf7dc100 Exception <a 'java/lang/NoSuchMethodError'{0x000000070bf6d7b8}: 'java.lang.Object java.lang.invoke.Invokers$Holder.linkToTargetMethod(java.lang.Object, java.lang.Object, int, java.lang.Object)'> (0x000000070bf6d7b8) 
thrown [s\src\hotspot\share\interpreter\linkResolver.cpp, line 773]
Event: 10.325 Thread 0x000002a4cf7dc100 Exception <a 'java/lang/NoSuchMethodError'{0x000000070b6afe18}: 'int java.lang.invoke.DirectMethodHandle$Holder.invokeVirtual(java.lang.Object, java.lang.Object, java.lang.Object, java.lang.Object)'> (0x000000070b6afe18) 
thrown [s\src\hotspot\share\interpreter\linkResolver.cpp, line 773]
Event: 10.328 Thread 0x000002a4cf7dc100 Exception <a 'java/lang/NoSuchMethodError'{0x000000070b6b3c08}: 'int java.lang.invoke.DelegatingMethodHandle$Holder.reinvoke_L(java.lang.Object, java.lang.Object, java.lang.Object, java.lang.Object)'> (0x000000070b6b3c08) 
thrown [s\src\hotspot\share\interpreter\linkResolver.cpp, line 773]
Event: 10.489 Thread 0x000002a4cf7dc100 Exception <a 'java/io/FileNotFoundException'{0x000000070b4ef748}> (0x000000070b4ef748) 
thrown [s\src\hotspot\share\prims\jni.cpp, line 520]
Event: 10.490 Thread 0x000002a4cf7dc100 Exception <a 'java/io/FileNotFoundException'{0x000000070b4f1388}> (0x000000070b4f1388) 
thrown [s\src\hotspot\share\prims\jni.cpp, line 520]
Event: 10.592 Thread 0x000002a4cf7dc100 Exception <a 'java/lang/NoSuchMethodError'{0x000000070b0d3f50}: 'int java.lang.invoke.DirectMethodHandle$Holder.invokeInterface(java.lang.Object, java.lang.Object, java.lang.Object, java.lang.Object)'> (0x000000070b0d3f50) 
thrown [s\src\hotspot\share\interpreter\linkResolver.cpp, line 773]

ZGC Phase Switch (0 events):
No events

VM Operations (20 events):
Event: 8.988 Executing non-safepoint VM operation: HandshakeAllThreads (Deoptimize) done
Event: 9.047 Executing safepoint VM operation: G1CollectForAllocation (G1 Evacuation Pause)
Event: 9.066 Executing safepoint VM operation: G1CollectForAllocation (G1 Evacuation Pause) done
Event: 9.327 Executing non-safepoint VM operation: HandshakeAllThreads (Deoptimize)
Event: 9.327 Executing non-safepoint VM operation: HandshakeAllThreads (Deoptimize) done
Event: 9.761 Executing non-safepoint VM operation: HandshakeAllThreads (Deoptimize)
Event: 9.761 Executing non-safepoint VM operation: HandshakeAllThreads (Deoptimize) done
Event: 9.849 Executing safepoint VM operation: ICBufferFull
Event: 9.849 Executing safepoint VM operation: ICBufferFull done
Event: 10.298 Executing non-safepoint VM operation: HandshakeAllThreads (Deoptimize)
Event: 10.298 Executing non-safepoint VM operation: HandshakeAllThreads (Deoptimize) done
Event: 10.302 Executing non-safepoint VM operation: HandshakeAllThreads (Deoptimize)
Event: 10.302 Executing non-safepoint VM operation: HandshakeAllThreads (Deoptimize) done
Event: 10.412 Executing non-safepoint VM operation: HandshakeAllThreads (Deoptimize)
Event: 10.412 Executing non-safepoint VM operation: HandshakeAllThreads (Deoptimize) done
Event: 10.467 Executing non-safepoint VM operation: HandshakeAllThreads (Deoptimize)
Event: 10.467 Executing non-safepoint VM operation: HandshakeAllThreads (Deoptimize) done
Event: 10.671 Executing safepoint VM operation: G1CollectForAllocation (G1 Evacuation Pause)
Event: 10.687 Executing safepoint VM operation: G1CollectForAllocation (G1 Evacuation Pause) done
Event: 10.889 Executing safepoint VM operation: CollectForMetadataAllocation (Metadata GC Threshold)

Memory protections (0 events):
No events

Nmethod flushes (0 events):
No events

Events (20 events):
Event: 0.131 Thread 0x000002a4cf7dc100 Thread added: 0x000002a4f0402060
Event: 0.131 Thread 0x000002a4cf7dc100 Thread added: 0x000002a4f0404ad0
Event: 0.132 Thread 0x000002a4cf7dc100 Thread added: 0x000002a4f0407870
Event: 0.132 Thread 0x000002a4cf7dc100 Thread added: 0x000002a4f040b810
Event: 0.463 Thread 0x000002a4cf7dc100 Thread added: 0x000002a4f06aef00
Event: 0.530 Thread 0x000002a4cf7dc100 Thread added: 0x000002a4f0715780
Event: 0.530 Thread 0x000002a4cf7dc100 Thread added: 0x000002a4f063bbe0
Event: 0.600 Thread 0x000002a4f0407870 Thread added: 0x000002a4f063fe70
Event: 0.829 Thread 0x000002a4f063fe70 Thread exited: 0x000002a4f063fe70
Event: 1.336 Thread 0x000002a4f040b810 Thread added: 0x000002a4f53cd9d0
Event: 1.724 Thread 0x000002a4f53cd9d0 Thread exited: 0x000002a4f53cd9d0
Event: 2.280 Thread 0x000002a4f040b810 Thread added: 0x000002a4f5568ff0
Event: 2.587 Thread 0x000002a4f5568ff0 Thread exited: 0x000002a4f5568ff0
Event: 3.157 Thread 0x000002a4f040b810 Thread added: 0x000002a4f5c21ad0
Event: 3.571 Thread 0x000002a4f5c21ad0 Thread exited: 0x000002a4f5c21ad0
Event: 3.775 Thread 0x000002a4f040b810 Thread added: 0x000002a4f5a33b30
Event: 4.969 Thread 0x000002a4cf7dc100 Thread added: 0x000002a4f7292010
Event: 6.286 Thread 0x000002a4cf7dc100 Thread added: 0x000002a4f679d3d0
Event: 6.415 Thread 0x000002a4f679d3d0 Thread exited: 0x000002a4f679d3d0
Event: 7.435 Thread 0x000002a4f7292010 Thread exited: 0x000002a4f7292010


Dynamic libraries:
0x00007ff7f5730000 - 0x00007ff7f573e000 	C:\Program Files\Microsoft\jdk-21.0.11.10-hotspot\bin\java.exe
0x00007fffaa0d0000 - 0x00007fffaa2c8000 	C:\Windows\SYSTEM32\ntdll.dll
0x00007fffa9dd0000 - 0x00007fffa9e92000 	C:\Windows\System32\KERNEL32.DLL
0x00007fffa7d60000 - 0x00007fffa8056000 	C:\Windows\System32\KERNELBASE.dll
0x00007fffa7b90000 - 0x00007fffa7c90000 	C:\Windows\System32\ucrtbase.dll
0x00007fff95120000 - 0x00007fff95138000 	C:\Program Files\Microsoft\jdk-21.0.11.10-hotspot\bin\jli.dll
0x00007fffa8530000 - 0x00007fffa86d1000 	C:\Windows\System32\USER32.dll
0x00007fffa7c90000 - 0x00007fffa7cb2000 	C:\Windows\System32\win32u.dll
0x00007fffa80f0000 - 0x00007fffa811b000 	C:\Windows\System32\GDI32.dll
0x00007fffa77b0000 - 0x00007fffa78c9000 	C:\Windows\System32\gdi32full.dll
0x00007fffa7cc0000 - 0x00007fffa7d5d000 	C:\Windows\System32\msvcp_win.dll
0x00007fff95220000 - 0x00007fff9523e000 	C:\Program Files\Microsoft\jdk-21.0.11.10-hotspot\bin\VCRUNTIME140.dll
0x00007fffa6b00000 - 0x00007fffa6d9b000 	C:\Windows\WinSxS\amd64_microsoft.windows.common-controls_6595b64144ccf1df_6.0.19041.6456_none_60b8a6cb71f64256\COMCTL32.dll
0x00007fffa9ab0000 - 0x00007fffa9b4e000 	C:\Windows\System32\msvcrt.dll
0x00007fffa9710000 - 0x00007fffa973f000 	C:\Windows\System32\IMM32.DLL
0x00007fff95210000 - 0x00007fff9521c000 	C:\Program Files\Microsoft\jdk-21.0.11.10-hotspot\bin\vcruntime140_1.dll
0x00007fff825e0000 - 0x00007fff82669000 	C:\Program Files\Microsoft\jdk-21.0.11.10-hotspot\bin\msvcp140.dll
0x00007fff31b30000 - 0x00007fff328de000 	C:\Program Files\Microsoft\jdk-21.0.11.10-hotspot\bin\server\jvm.dll
0x00007fffa9540000 - 0x00007fffa95f1000 	C:\Windows\System32\ADVAPI32.dll
0x00007fffa9ff0000 - 0x00007fffaa08f000 	C:\Windows\System32\sechost.dll
0x00007fffa9400000 - 0x00007fffa9520000 	C:\Windows\System32\RPCRT4.dll
0x00007fffa7b60000 - 0x00007fffa7b87000 	C:\Windows\System32\bcrypt.dll
0x00007fffa8740000 - 0x00007fffa87ab000 	C:\Windows\System32\WS2_32.dll
0x00007fffa7350000 - 0x00007fffa739b000 	C:\Windows\SYSTEM32\POWRPROF.dll
0x00007fff8de50000 - 0x00007fff8de77000 	C:\Windows\SYSTEM32\WINMM.dll
0x00007fffa4410000 - 0x00007fffa441a000 	C:\Windows\SYSTEM32\VERSION.dll
0x00007fffa6e90000 - 0x00007fffa6ea2000 	C:\Windows\SYSTEM32\UMPDC.dll
0x00007fffa47a0000 - 0x00007fffa47b2000 	C:\Windows\SYSTEM32\kernel.appcore.dll
0x00007fff91910000 - 0x00007fff9191a000 	C:\Program Files\Microsoft\jdk-21.0.11.10-hotspot\bin\jimage.dll
0x00007fffa7140000 - 0x00007fffa7341000 	C:\Windows\SYSTEM32\DBGHELP.DLL
0x00007fffa6ed0000 - 0x00007fffa6f04000 	C:\Windows\SYSTEM32\dbgcore.DLL
0x00007fffa8060000 - 0x00007fffa80e2000 	C:\Windows\System32\bcryptPrimitives.dll
0x00007fffa4380000 - 0x00007fffa4390000 	C:\Program Files\Microsoft\jdk-21.0.11.10-hotspot\bin\instrument.dll
0x00007fff918e0000 - 0x00007fff91901000 	C:\Program Files\Microsoft\jdk-21.0.11.10-hotspot\bin\java.dll
0x00007fffa8c90000 - 0x00007fffa9400000 	C:\Windows\System32\SHELL32.dll
0x00007fffa49a0000 - 0x00007fffa5145000 	C:\Windows\SYSTEM32\windows.storage.dll
0x00007fffa81d0000 - 0x00007fffa8524000 	C:\Windows\System32\combase.dll
0x00007fffa6a60000 - 0x00007fffa6a8b000 	C:\Windows\SYSTEM32\Wldp.dll
0x00007fffa9d00000 - 0x00007fffa9dcd000 	C:\Windows\System32\OLEAUT32.dll
0x00007fffa9600000 - 0x00007fffa96ad000 	C:\Windows\System32\SHCORE.dll
0x00007fffa8c30000 - 0x00007fffa8c8b000 	C:\Windows\System32\shlwapi.dll
0x00007fffa7690000 - 0x00007fffa76b4000 	C:\Windows\SYSTEM32\profapi.dll
0x00007fff3ba50000 - 0x00007fff3bb26000 	C:\Program Files\Microsoft\jdk-21.0.11.10-hotspot\bin\jsvml.dll
0x00007fff87340000 - 0x00007fff87358000 	C:\Program Files\Microsoft\jdk-21.0.11.10-hotspot\bin\zip.dll
0x00007fff918c0000 - 0x00007fff918d1000 	C:\Program Files\Microsoft\jdk-21.0.11.10-hotspot\bin\net.dll
0x00007fff9f100000 - 0x00007fff9f20a000 	C:\Windows\SYSTEM32\WINHTTP.dll
0x00007fffa6740000 - 0x00007fffa67aa000 	C:\Windows\system32\mswsock.dll
0x00007fff91650000 - 0x00007fff91666000 	C:\Program Files\Microsoft\jdk-21.0.11.10-hotspot\bin\nio.dll
0x00007fff952c0000 - 0x00007fff952da000 	C:\Program Files\JetBrains\IntelliJ IDEA 2023.3.8\bin\breakgen64.dll
0x00007fff913d0000 - 0x00007fff913d9000 	C:\Program Files\Microsoft\jdk-21.0.11.10-hotspot\bin\extnet.dll
0x00007fffa74d0000 - 0x00007fffa74e8000 	C:\Windows\SYSTEM32\CRYPTSP.dll
0x00007fffa6140000 - 0x00007fffa6178000 	C:\Windows\system32\rsaenh.dll
0x00007fffa7610000 - 0x00007fffa763e000 	C:\Windows\SYSTEM32\USERENV.dll
0x00007fffa6970000 - 0x00007fffa697c000 	C:\Windows\SYSTEM32\CRYPTBASE.dll
0x00007fffa64a0000 - 0x00007fffa64db000 	C:\Windows\SYSTEM32\IPHLPAPI.DLL
0x00007fffa87b0000 - 0x00007fffa87b8000 	C:\Windows\System32\NSI.dll
0x00007fff96d40000 - 0x00007fff96d4e000 	C:\Program Files\Microsoft\jdk-21.0.11.10-hotspot\bin\sunmscapi.dll
0x00007fffa78d0000 - 0x00007fffa7a2d000 	C:\Windows\System32\CRYPT32.dll
0x00007fffa6ad0000 - 0x00007fffa6af7000 	C:\Windows\SYSTEM32\ncrypt.dll
0x00007fffa6a90000 - 0x00007fffa6acb000 	C:\Windows\SYSTEM32\NTASN1.dll
0x00007fffa4370000 - 0x00007fffa437a000 	C:\Program Files\Microsoft\jdk-21.0.11.10-hotspot\bin\management.dll
0x00007fffa1260000 - 0x00007fffa126c000 	C:\Program Files\Microsoft\jdk-21.0.11.10-hotspot\bin\management_ext.dll
0x00007fffa9530000 - 0x00007fffa9538000 	C:\Windows\System32\PSAPI.DLL

JVMTI agents:
C:\Program Files\JetBrains\IntelliJ IDEA 2023.3.8\lib\idea_rt.jar path:C:\Program Files\Microsoft\jdk-21.0.11.10-hotspot\bin\instrument.dll, loaded, initialized, instrumentlib options:51237:C:\Program Files\JetBrains\IntelliJ IDEA 2023.3.8\bin

dbghelp: loaded successfully - version: 4.0.5 - missing functions: none
symbol engine: initialized successfully - sym options: 0x614 - pdb path: .;C:\Program Files\Microsoft\jdk-21.0.11.10-hotspot\bin;C:\Windows\SYSTEM32;C:\Windows\WinSxS\amd64_microsoft.windows.common-controls_6595b64144ccf1df_6.0.19041.6456_none_60b8a6cb71f64256;C:\Program Files\Microsoft\jdk-21.0.11.10-hotspot\bin\server;C:\Program Files\JetBrains\IntelliJ IDEA 2023.3.8\bin

VM Arguments:
jvm_args: -ea -Didea.test.cyclic.buffer.size=1048576 -javaagent:C:\Program Files\JetBrains\IntelliJ IDEA 2023.3.8\lib\idea_rt.jar=51237:C:\Program Files\JetBrains\IntelliJ IDEA 2023.3.8\bin -Dfile.encoding=UTF-8 -Dsun.stdout.encoding=UTF-8 -Dsun.stderr.encoding=UTF-8 
java_command: com.intellij.rt.junit.JUnitStarter -ideVersion5 -junit5 za.ac.cput.Controller.SkillControllerTest
java_class_path (initial): C:\Users\LENOVO\.m2\repository\org\junit\platform\junit-platform-launcher\1.10.2\junit-platform-launcher-1.10.2.jar;C:\Program Files\JetBrains\IntelliJ IDEA 2023.3.8\lib\idea_rt.jar;C:\Program Files\JetBrains\IntelliJ IDEA 2023.3.8\plugins\junit\lib\junit5-rt.jar;C:\Program Files\JetBrains\IntelliJ IDEA 2023.3.8\plugins\junit\lib\junit-rt.jar;C:\Users\LENOVO\Documents\@Inga2026\CodingProjects\CareerWise\target\test-classes;C:\Users\LENOVO\Documents\@Inga2026\CodingProjects\CareerWise\target\classes;C:\Users\LENOVO\.m2\repository\org\springframework\boot\spring-boot-starter-data-jpa\3.2.5\spring-boot-starter-data-jpa-3.2.5.jar;C:\Users\LENOVO\.m2\repository\org\springframework\boot\spring-boot-starter-aop\3.2.5\spring-boot-starter-aop-3.2.5.jar;C:\Users\LENOVO\.m2\repository\org\springframework\spring-aop\6.1.6\spring-aop-6.1.6.jar;C:\Users\LENOVO\.m2\repository\org\aspectj\aspectjweaver\1.9.22\aspectjweaver-1.9.22.jar;C:\Users\LENOVO\.m2\repository\org\springframework\boot\spring-boot-starter-jdbc\3.2.5\spring-boot-starter-jdbc-3.2.5.jar;C:\Users\LENOVO\.m2\repository\com\zaxxer\HikariCP\5.0.1\HikariCP-5.0.1.jar;C:\Users\LENOVO\.m2\repository\org\springframework\spring-jdbc\6.1.6\spring-jdbc-6.1.6.jar;C:\Users\LENOVO\.m2\repository\org\hibernate\orm\hibernate-core\6.4.4.Final\hibernate-core-6.4.4.Final.jar;C:\Users\LENOVO\.m2\repository\jakarta\persistence\jakarta.persistence-api\3.1.0\jakarta.persistence-api-3.1.0.jar;C:\Users\LENOVO\.m2\repository\jakarta\transaction\jakarta.transaction-api\2.0.1\jakarta.transaction-api-2.0.1.jar;C:\Users\LENOVO\.m2\repository\org\jboss\logging\jboss-logging\3.5.3.Final\jboss-logging-3.5.3.Final.jar;C:\Users\LENOVO\.m2\repository\org\hibernate\common\hibernate-commons-annotations\6.0.6.Final\hibernate-commons-annotations-6.0.6.Final.jar;C:\Users\LENOVO\.m2\repository\io\smallrye\jandex\3.1.2\jandex-3.1.2.jar;C:\Users\LENOVO\.m2\repository\com\fasterxml\classmate\1.6.0\classmate-1.6.0.jar;C:\Users\LENOVO\.m2\repository\net\bytebuddy\byte-buddy\1.14.13\byte-buddy-1.14.13.jar;C:\Users\LENOVO\.m2\repository\org\glassfish\jaxb\jaxb-runtime\4.0.5\jaxb-runtime-4.0.5.jar;C:\Users\LENOVO\.m2\repository\org\glassfish\jaxb\jaxb-core\4.0.5\jaxb-core-4.0.5.jar;C:\Users\LENOVO\.m2\repository\org\eclipse\angus\angus-activation\2.0.2\angus-activation-2.0.2.jar;C:\Users\LENOVO\.m2\repository\org\glassfish\jaxb\txw2\4.0.5\txw2-4.0.5.jar;C:\Users\LENOVO\.m2\repository\com\sun\istack\istack-commons-runtime\4.1.2\istack-commons-runtime-4.1.2.jar;C:\Users\LENOVO\.m2\repository\jakarta\inject\jakarta.inject-api\2.0.1\jakarta.inject-api-2.0.1.jar;C:\Users\LENOVO\.m2\repository\org\antlr\antlr4-runtime\4.13.0\antlr4-runtime-4.13.0.jar;C:\Users\LENOVO\.m2\repository\org\springframework\data\spring-data-jpa\3.2.5\spring-data-jpa-3.2.5.jar;C:\Users\LENOVO\.m2\repository\org\springframework\data\spring-data-commons\3.2.5\spring-data-commons-3.2.5.jar;C:\Users\LENOVO\.m2\repository\org\springframework\spring-orm\6.1.6\spring-orm-6.1.6.jar;C:\Users\LENOVO\.m2\repository\org\springframework\spring-context\6.1.6\spring-context-6.1.6.jar;C:\Users\LENOVO\.m2\repository\org\springframework\spring-tx\6.1.6\spring-tx-6.1.6.jar;C:\Users\LENOVO\.m2\repository\org\springframework\spring-beans\6.1.6\spring-beans-6.1.6.jar;C:\Users\LENOVO\.m2\repository\jakarta\annotation\jakarta.annotation-api\2.1.1\jakarta.annotation-api-2.1.1.jar;C:\Users\LENOVO\.m2\repository\org\slf4j\slf4j-api\2.0.13\slf4j-api-2.0.13.jar;C:\Users\LENOVO\.m2\repository\org\springframework\spring-aspects\6.1.6\spring-aspects-6.1.6.jar;C:\Users\LENOVO\.m2\repository\org\springframework\boot\spring-boot-starter-web\3.2.5\spring-boot-starter-web-3.2.5.jar;C:\Users\LENOVO\.m2\repository\org\springframework\boot\spring-boot-starter\3.2.5\spring-boot-starter-3.2.5.jar;C:\Users\LENOVO\.m2\repository\org\springframework\boot\spring-boot\3.2.5\spring-boot-3.2.5.jar;C:\Users\LENOVO\.m2\repository\org\springframework\boot\spring-boot-autoconfigure\3.2.5\spring-boot-autoconfigure-3.2.5.jar;C:\Users\LENOVO\.m2\repository\org\springframework\boot\spring-boot-starter-logging\3.2.5\spring-boot-starter-logging-3.2.5.jar;C:\Users\LENOVO\.m2\repository\ch\qos\logback\logback-classic\1.4.14\logback-classic-1.4.14.jar;C:\Users\LENOVO\.m2\repository\ch\qos\logback\logback-core\1.4.14\logback-core-1.4.14.jar;C:\Users\LENOVO\.m2\repository\org\apache\logging\log4j\log4j-to-slf4j\2.21.1\log4j-to-slf4j-2.21.1.jar;C:\Users\LENOVO\.m2\repository\org\apache\logging\log4j\log4j-api\2.21.1\log4j-api-2.21.1.jar;C:\Users\LENOVO\.m2\repository\org\slf4j\jul-to-slf4j\2.0.13\jul-to-slf4j-2.0.13.jar;C:\Users\LENOVO\.m2\repository\org\yaml\snakeyaml\2.2\snakeyaml-2.2.jar;C:\Users\LENOVO\.m2\repository\org\springframework\boot\spring-boot-starter-json\3.2.5\spring-boot-starter-json-3.2.5.jar;C:\Users\LENOVO\.m2\repository\com\fasterxml\jackson\core\jackson-databind\2.15.4\jackson-databind-2.15.4.jar;C:\Users\LENOVO\.m2\repository\com\fasterxml\jackson\core\jackson-annotations\2.15.4\jackson-annotations-2.15.4.jar;C:\Users\LENOVO\.m2\repository\com\fasterxml\jackson\core\jackson-core\2.15.4\jackson-core-2.15.4.jar;C:\Users\LENOVO\.m2\repository\com\fasterxml\jackson\datatype\jackson-datatype-jdk8\2.15.4\jackson-datatype-jdk8-2.15.4.jar;C:\Users\LENOVO\.m2\repository\com\fasterxml\jackson\datatype\jackson-datatype-jsr310\2.15.4\jackson-datatype-jsr310-2.15.4.jar;C:\Users\LENOVO\.m2\repository\com\fasterxml\jackson\module\jackson-module-parameter-names\2.15.4\jackson-module-parameter-names-2.15.4.jar;C:\Users\LENOVO\.m2\repository\org\springframework\boot\spring-boot-starter-tomcat\3.2.5\spring-boot-starter-tomcat-3.2.5.jar;C:\Users\LENOVO\.m2\repository\org\apache\tomcat\embed\tomcat-embed-core\10.1.20\tomcat-embed-core-10.1.20.jar;C:\Users\LENOVO\.m2\repository\org\apache\tomcat\embed\tomcat-embed-websocket\10.1.20\tomcat-embed-websocket-10.1.20.jar;C:\Users\LENOVO\.m2\repository\org\springframework\spring-web\6.1.6\spring-web-6.1.6.jar;C:\Users\LENOVO\.m2\repository\io\micrometer\micrometer-observation\1.12.5\micrometer-observation-1.12.5.jar;C:\Users\LENOVO\.m2\repository\io\micrometer\micrometer-commons\1.12.5\micrometer-commons-1.12.5.jar;C:\Users\LENOVO\.m2\repository\org\springframework\spring-webmvc\6.1.6\spring-webmvc-6.1.6.jar;C:\Users\LENOVO\.m2\repository\org\springframework\spring-expression\6.1.6\spring-expression-6.1.6.jar;C:\Users\LENOVO\.m2\repository\org\springframework\boot\spring-boot-starter-validation\3.2.5\spring-boot-starter-validation-3.2.5.jar;C:\Users\LENOVO\.m2\repository\org\apache\tomcat\embed\tomcat-embed-el\10.1.20\tomcat-embed-el-10.1.20.jar;C:\Users\LENOVO\.m2\repository\org\hibernate\validator\hibernate-validator\8.0.1.Final\hibernate-validator-8.0.1.Final.jar;C:\Users\LENOVO\.m2\repository\jakarta\validation\jakarta.validation-api\3.0.2\jakarta.validation-api-3.0.2.jar;C:\Users\LENOVO\.m2\repository\commons-validator\commons-validator\1.10.1\commons-validator-1.10.1.jar;C:\Users\LENOVO\.m2\repository\commons-beanutils\commons-beanutils\1.11.0\commons-beanutils-1.11.0.jar;C:\Users\LENOVO\.m2\repository\commons-digester\commons-digester\2.1\commons-digester-2.1.jar;C:\Users\LENOVO\.m2\repository\commons-logging\commons-logging\1.3.5\commons-logging-1.3.5.jar;C:\Users\LENOVO\.m2\repository\commons-collections\commons-collections\3.2.2\commons-collections-3.2.2.jar;C:\Users\LENOVO\.m2\repository\com\h2database\h2\2.2.224\h2-2.2.224.jar;C:\Users\LENOVO\.m2\repository\org\springframework\boot\spring-boot-starter-test\3.2.5\spring-boot-starter-test-3.2.5.jar;C:\Users\LENOVO\.m2\repository\org\springframework\boot\spring-boot-test\3.2.5\spring-boot-test-3.2.5.jar;C:\Users\LENOVO\.m2\repository\org\springframework\boot\spring-boot-test-autoconfigure\3.2.5\spring-boot-test-autoconfigure-3.2.5.jar;C:\Users\LENOVO\.m2\repository\com\jayway\jsonpath\json-path\2.9.0\json-path-2.9.0.jar;C:\Users\LENOVO\.m2\repository\jakarta\xml\bind\jakarta.xml.bind-api\4.0.2\jakarta.xml.bind-api-4.0.2.jar;C:\Users\LENOVO\.m2\repository\jakarta\activation\jakarta.activation-api\2.1.3\jakarta.activation-api-2.1.3.jar;C:\Users\LENOVO\.m2\repository\net\minidev\json-smart\2.5.1\json-smart-2.5.1.jar;C:\Users\LENOVO\.m2\repository\net\minidev\accessors-smart\2.5.1\accessors-smart-2.5.1.jar;C:\Users\LENOVO\.m2\repository\org\ow2\asm\asm\9.6\asm-9.6.jar;C:\Users\LENOVO\.m2\repository\org\assertj\assertj-core\3.24.2\assertj-core-3.24.2.jar;C:\Users\LENOVO\.m2\repository\org\awaitility\awaitility\4.2.1\awaitility-4.2.1.jar;C:\Users\LENOVO\.m2\repository\org\hamcrest\hamcrest\2.2\hamcrest-2.2.jar;C:\Users\LENOVO\.m2\repository\org\junit\jupiter\junit-jupiter\5.10.2\junit-jupiter-5.10.2.jar;C:\Users\LENOVO\.m2\repository\org\junit\jupiter\junit-jupiter-api\5.10.2\junit-jupiter-api-5.10.2.jar;C:\Users\LENOVO\.m2\repository\org\opentest4j\opentest4j\1.3.0\opentest4j-1.3.0.jar;C:\Users\LENOVO\.m2\repository\org\junit\platform\junit-platform-commons\1.10.2\junit-platform-commons-1.10.2.jar;C:\Users\LENOVO\.m2\repository\org\apiguardian\apiguardian-api\1.1.2\apiguardian-api-1.1.2.jar;C:\Users\LENOVO\.m2\repository\org\junit\jupiter\junit-jupiter-params\5.10.2\junit-jupiter-params-5.10.2.jar;C:\Users\LENOVO\.m2\repository\org\junit\jupiter\junit-jupiter-engine\5.10.2\junit-jupiter-engine-5.10.2.jar;C:\Users\LENOVO\.m2\repository\org\junit\platform\junit-platform-engine\1.10.2\junit-platform-engine-1.10.2.jar;C:\Users\LENOVO\.m2\repository\org\mockito\mockito-core\5.7.0\mockito-core-5.7.0.jar;C:\Users\LENOVO\.m2\repository\net\bytebuddy\byte-buddy-agent\1.14.13\byte-buddy-agent-1.14.13.jar;C:\Users\LENOVO\.m2\repository\org\objenesis\objenesis\3.3\objenesis-3.3.jar;C:\Users\LENOVO\.m2\repository\org\mockito\mockito-junit-jupiter\5.7.0\mockito-junit-jupiter-5.7.0.jar;C:\Users\LENOVO\.m2\repository\org\skyscreamer\jsonassert\1.5.1\jsonassert-1.5.1.jar;C:\Users\LENOVO\.m2\repository\com\vaadin\external\google\android-json\0.0.20131108.vaadin1\android-json-0.0.20131108.vaadin1.jar;C:\Users\LENOVO\.m2\repository\org\springframework\spring-core\6.1.6\spring-core-6.1.6.jar;C:\Users\LENOVO\.m2\repository\org\springframework\spring-jcl\6.1.6\spring-jcl-6.1.6.jar;C:\Users\LENOVO\.m2\repository\org\springframework\spring-test\6.1.6\spring-test-6.1.6.jar;C:\Users\LENOVO\.m2\repository\org\xmlunit\xmlunit-core\2.9.1\xmlunit-core-2.9.1.jar
Launcher Type: SUN_STANDARD

[Global flags]
     intx CICompilerCount                          = 3                                         {product} {ergonomic}
     uint ConcGCThreads                            = 1                                         {product} {ergonomic}
     uint G1ConcRefinementThreads                  = 4                                         {product} {ergonomic}
   size_t G1HeapRegionSize                         = 2097152                                   {product} {ergonomic}
    uintx GCDrainStackTargetSize                   = 64                                        {product} {ergonomic}
   size_t InitialHeapSize                          = 260046848                                 {product} {ergonomic}
   size_t MarkStackSize                            = 4194304                                   {product} {ergonomic}
   size_t MaxHeapSize                              = 4137680896                                {product} {ergonomic}
   size_t MaxNewSize                               = 2480930816                                {product} {ergonomic}
   size_t MinHeapDeltaBytes                        = 2097152                                   {product} {ergonomic}
   size_t MinHeapSize                              = 8388608                                   {product} {ergonomic}
    uintx NonNMethodCodeHeapSize                   = 5832780                                {pd product} {ergonomic}
    uintx NonProfiledCodeHeapSize                  = 122912730                              {pd product} {ergonomic}
    uintx ProfiledCodeHeapSize                     = 122912730                              {pd product} {ergonomic}
    uintx ReservedCodeCacheSize                    = 251658240                              {pd product} {ergonomic}
     bool SegmentedCodeCache                       = true                                      {product} {ergonomic}
   size_t SoftMaxHeapSize                          = 4137680896                             {manageable} {ergonomic}
     bool UseCompressedOops                        = true                           {product lp64_product} {ergonomic}
     bool UseG1GC                                  = true                                      {product} {ergonomic}
     bool UseLargePagesIndividualAllocation        = false                                  {pd product} {ergonomic}

Logging:
Log output configuration:
 #0: stdout all=warning uptime,level,tags foldmultilines=false
 #1: stderr all=off uptime,level,tags foldmultilines=false

Release file:
IMPLEMENTOR="Microsoft" 
IMPLEMENTOR_VERSION="Microsoft-13877171" 
JAVA_RUNTIME_VERSION="21.0.11+10-LTS" 
JAVA_VERSION="21.0.11" 
JAVA_VERSION_DATE="2026-04-21" 
LIBC="default" 
MODULES="java.base java.compiler java.datatransfer java.xml java.prefs java.desktop java.instrument java.logging java.management java.security.sasl java.naming java.rmi java.management.rmi java.net.http java.scripting java.security.jgss java.transaction.xa java.sql java.sql.rowset java.xml.crypto java.se java.smartcardio jdk.accessibility jdk.internal.jvmstat jdk.attach jdk.charsets jdk.internal.opt jdk.zipfs jdk.compiler jdk.crypto.ec jdk.crypto.cryptoki jdk.crypto.mscapi jdk.dynalink jdk.internal.ed jdk.editpad jdk.hotspot.agent jdk.httpserver jdk.incubator.vector jdk.internal.le jdk.internal.vm.ci jdk.internal.vm.compiler jdk.internal.vm.compiler.management jdk.jartool jdk.javadoc jdk.jcmd jdk.management jdk.management.agent jdk.jconsole jdk.jdeps jdk.jdwp.agent jdk.jdi jdk.jfr jdk.jlink jdk.jpackage jdk.jshell jdk.jsobject jdk.jstatd jdk.localedata jdk.management.jfr jdk.naming.dns jdk.naming.rmi jdk.net jdk.nio.mapmode jdk.random jdk.sctp jdk.security.auth jdk.security.jgss jdk.unsupported jdk.unsupported.desktop jdk.xml.dom" 
OS_ARCH="x86_64" 
OS_NAME="Windows" 
SOURCE=".:git:87e312d67249" 

Environment Variables:
PATH=C:\Program Files\Microsoft\jdk-21.0.11.10-hotspot\bin;C:\Windows\system32;C:\Windows;C:\Windows\System32\Wbem;C:\Windows\System32\WindowsPowerShell\v1.0\;C:\Windows\System32\OpenSSH\;C:\Program Files\Git\cmd;C:\Users\LENOVO\AppData\Local\Microsoft\WindowsApps;;C:\Program Files\JetBrains\IntelliJ IDEA 2023.3.8\bin;
USERNAME=LENOVO
OS=Windows_NT
PROCESSOR_IDENTIFIER=Intel64 Family 6 Model 78 Stepping 3, GenuineIntel
TMP=C:\Users\LENOVO\AppData\Local\Temp
TEMP=C:\Users\LENOVO\AppData\Local\Temp




Periodic native trim disabled

---------------  S Y S T E M  ---------------

OS:
 Windows 10 , 64 bit Build 19041 (10.0.19041.5915)
OS uptime: 0 days 5:29 hours

CPU: total 4 (initial active 4) (2 cores per cpu, 2 threads per core) family 6 model 78 stepping 3 microcode 0xec, cx8, cmov, fxsr, ht, mmx, 3dnowpref, sse, sse2, sse3, ssse3, sse4.1, sse4.2, popcnt, lzcnt, tsc, tscinvbit, avx, avx2, aes, erms, clmul, bmi1, bmi2, rtm, adx, fma, vzeroupper, clflush, clflushopt, rdtscp, f16c
Processor Information for the first 4 processors :
  Max Mhz: 2496, Current Mhz: 2396, Mhz Limit: 2396

Memory: 4k page, system-wide physical 15783M (8156M free)
TotalPageFile size 18727M (AvailPageFile size 9490M)
current process WorkingSet (physical memory assigned to process): 173M, peak: 184M
current process commit charge ("private bytes"): 206M, peak: 391M

vm_info: OpenJDK 64-Bit Server VM (21.0.11+10-LTS) for windows-amd64 JRE (21.0.11+10-LTS), built on 2026-04-18T18:13:49Z by "MicrosoftCorporation" with MS VC++ 17.14 (VS2022)

END.
